build/app/intermediates/manifest_merge_blame_file/release/manifest-merger-blame-release-report.txt
1<?xml version="1.0" encoding="utf-8"?>
2<manifest xmlns:android="http://schemas.android.com/apk/res/android"
3    package="com.prajwalmreddy.kannada_disco"
4    android:versionCode="1"
5    android:versionName="1.0.0" >
6
7    <uses-sdk
8        android:minSdkVersion="30"
8-->src/main/AndroidManifest.xml
9        android:targetSdkVersion="30" />
9-->src/main/AndroidManifest.xml
10
11    <uses-permission android:name="android.permission.VIBRATE" />
11-->src/main/AndroidManifest.xml:3:5-66
11-->src/main/AndroidManifest.xml:3:22-63
12    <uses-permission android:name="android.permission.RECEIVE_BOOT_COMPLETED" />
12-->src/main/AndroidManifest.xml:4:5-80
12-->src/main/AndroidManifest.xml:4:22-78
13    <uses-permission android:name="android.permission.USE_FULL_SCREEN_INTENT" />
13-->[:flutter_local_notifications] AndroidManifest.xml:11:5-81
13-->[:flutter_local_notifications] AndroidManifest.xml:11:22-78
14
15    <application
16        android:name="android.app.Application"
16-->src/main/AndroidManifest.xml:7:9-42
17        android:appComponentFactory="androidx.core.app.CoreComponentFactory"
17-->[androidx.core:core:1.6.0] AndroidManifest.xml:24:18-86
18        android:extractNativeLibs="false"
19        android:icon="@mipmap/ic_launcher"
19-->src/main/AndroidManifest.xml:8:9-43
20        android:label="KannadaDisco" >
20-->src/main/AndroidManifest.xml:6:9-37
21        <activity
21-->src/main/AndroidManifest.xml:9:9-29:20
22            android:name="com.prajwalmreddy.kannada_disco.MainActivity"
22-->src/main/AndroidManifest.xml:10:13-41
23            android:configChanges="orientation|keyboardHidden|keyboard|screenSize|smallestScreenSize|locale|layoutDirection|fontScale|screenLayout|density|uiMode"
23-->src/main/AndroidManifest.xml:14:13-163
24            android:exported="true"
24-->src/main/AndroidManifest.xml:11:13-36
25            android:hardwareAccelerated="true"
25-->src/main/AndroidManifest.xml:15:13-47
26            android:launchMode="singleTop"
26-->src/main/AndroidManifest.xml:12:13-43
27            android:theme="@style/LaunchTheme"
27-->src/main/AndroidManifest.xml:13:13-47
28            android:windowSoftInputMode="adjustResize" >
28-->src/main/AndroidManifest.xml:16:13-55
29
30            <!--
31                 Specifies an Android theme to apply to this Activity as soon as
32                 the Android process has started. This theme is visible to the user
33                 while the Flutter UI initializes. After that, this theme continues
34                 to determine the Window background behind the Flutter UI.
35            -->
36            <meta-data
36-->src/main/AndroidManifest.xml:21:13-24:17
37                android:name="io.flutter.embedding.android.NormalTheme"
37-->src/main/AndroidManifest.xml:22:15-70
38                android:resource="@style/NormalTheme" />
38-->src/main/AndroidManifest.xml:23:15-52
39
40            <intent-filter>
40-->src/main/AndroidManifest.xml:25:13-28:29
41                <action android:name="android.intent.action.MAIN" />
41-->src/main/AndroidManifest.xml:26:17-68
41-->src/main/AndroidManifest.xml:26:25-66
42
43                <category android:name="android.intent.category.LAUNCHER" />
43-->src/main/AndroidManifest.xml:27:17-76
43-->src/main/AndroidManifest.xml:27:27-74
44            </intent-filter>
45        </activity>
46        <!--
47             Don't delete the meta-data below.
48             This is used by the Flutter tool to generate GeneratedPluginRegistrant.java
49        -->
50        <meta-data
50-->src/main/AndroidManifest.xml:32:9-34:33
51            android:name="flutterEmbedding"
51-->src/main/AndroidManifest.xml:33:13-44
52            android:value="2" />
52-->src/main/AndroidManifest.xml:34:13-30
53
54        <receiver android:name="com.dexterous.flutterlocalnotifications.ScheduledNotificationReceiver" />
54-->[:flutter_local_notifications] AndroidManifest.xml:14:9-106
54-->[:flutter_local_notifications] AndroidManifest.xml:14:19-103
55        <receiver android:name="com.dexterous.flutterlocalnotifications.ScheduledNotificationBootReceiver" >
55-->[:flutter_local_notifications] AndroidManifest.xml:15:9-22:20
55-->[:flutter_local_notifications] AndroidManifest.xml:15:19-107
56            <intent-filter>
56-->[:flutter_local_notifications] AndroidManifest.xml:16:13-21:29
57                <action android:name="android.intent.action.BOOT_COMPLETED" />
57-->[:flutter_local_notifications] AndroidManifest.xml:17:17-79
57-->[:flutter_local_notifications] AndroidManifest.xml:17:25-76
58                <action android:name="android.intent.action.MY_PACKAGE_REPLACED" />
58-->[:flutter_local_notifications] AndroidManifest.xml:18:17-84
58-->[:flutter_local_notifications] AndroidManifest.xml:18:25-81
59                <action android:name="android.intent.action.QUICKBOOT_POWERON" />
59-->[:flutter_local_notifications] AndroidManifest.xml:19:17-82
59-->[:flutter_local_notifications] AndroidManifest.xml:19:25-79
60                <action android:name="com.htc.intent.action.QUICKBOOT_POWERON" />
60-->[:flutter_local_notifications] AndroidManifest.xml:20:17-82
60-->[:flutter_local_notifications] AndroidManifest.xml:20:25-79
61            </intent-filter>
62        </receiver>
63
64        <uses-library
64-->[androidx.window:window:1.0.0-beta04] AndroidManifest.xml:25:9-27:40
65            android:name="androidx.window.extensions"
65-->[androidx.window:window:1.0.0-beta04] AndroidManifest.xml:26:13-54
66            android:required="false" />
66-->[androidx.window:window:1.0.0-beta04] AndroidManifest.xml:27:13-37
67        <uses-library
67-->[androidx.window:window:1.0.0-beta04] AndroidManifest.xml:28:9-30:40
68            android:name="androidx.window.sidecar"
68-->[androidx.window:window:1.0.0-beta04] AndroidManifest.xml:29:13-51
69            android:required="false" />
69-->[androidx.window:window:1.0.0-beta04] AndroidManifest.xml:30:13-37
70    </application>
71
72</manifest>